TN:
SF:src/index.ts
FN:23,(anonymous_8)
FN:30,(anonymous_9)
FN:53,(anonymous_11)
FN:60,(anonymous_12)
FN:107,(anonymous_14)
FN:200,(anonymous_16)
FN:241,(anonymous_18)
FN:247,(anonymous_20)
FN:247,(anonymous_21)
FN:304,(anonymous_22)
FN:306,(anonymous_23)
FN:308,(anonymous_24)
FN:349,(anonymous_25)
FN:408,(anonymous_27)
FN:409,(anonymous_28)
FN:469,(anonymous_29)
FN:469,(anonymous_30)
FN:480,(anonymous_31)
FN:515,(anonymous_32)
FN:515,(anonymous_33)
FN:540,(anonymous_34)
FN:540,(anonymous_35)
FN:551,(anonymous_36)
FNF:23
FNH:4
FNDA:15,(anonymous_8)
FNDA:2,(anonymous_9)
FNDA:0,(anonymous_11)
FNDA:0,(anonymous_12)
FNDA:1,(anonymous_14)
FNDA:0,(anonymous_16)
FNDA:0,(anonymous_18)
FNDA:0,(anonymous_20)
FNDA:0,(anonymous_21)
FNDA:0,(anonymous_22)
FNDA:0,(anonymous_23)
FNDA:0,(anonymous_24)
FNDA:4,(anonymous_25)
FNDA:0,(anonymous_27)
FNDA:0,(anonymous_28)
FNDA:0,(anonymous_29)
FNDA:0,(anonymous_30)
FNDA:0,(anonymous_31)
FNDA:0,(anonymous_32)
FNDA:0,(anonymous_33)
FNDA:0,(anonymous_34)
FNDA:0,(anonymous_35)
FNDA:0,(anonymous_36)
DA:3,1
DA:4,1
DA:5,1
DA:6,1
DA:7,1
DA:19,1
DA:20,15
DA:24,15
DA:31,2
DA:32,2
DA:33,1
DA:36,1
DA:37,1
DA:43,1
DA:44,0
DA:47,1
DA:48,0
DA:49,0
DA:50,0
DA:51,0
DA:53,0
DA:54,0
DA:57,0
DA:61,0
DA:62,0
DA:63,0
DA:66,0
DA:67,0
DA:70,0
DA:85,0
DA:94,0
DA:101,0
DA:103,0
DA:108,1
DA:109,1
DA:112,0
DA:113,0
DA:116,0
DA:117,0
DA:118,0
DA:121,0
DA:122,0
DA:123,0
DA:125,0
DA:126,0
DA:128,0
DA:129,0
DA:135,0
DA:137,0
DA:139,0
DA:141,0
DA:144,0
DA:145,0
DA:148,0
DA:155,0
DA:162,0
DA:170,0
DA:177,0
DA:180,0
DA:181,0
DA:185,0
DA:186,0
DA:187,0
DA:191,0
DA:192,0
DA:193,0
DA:196,0
DA:202,0
DA:204,0
DA:205,0
DA:206,0
DA:209,0
DA:210,0
DA:212,0
DA:218,0
DA:219,0
DA:226,0
DA:242,0
DA:244,0
DA:247,0
DA:248,0
DA:249,0
DA:256,0
DA:258,0
DA:259,0
DA:260,0
DA:261,0
DA:262,0
DA:265,0
DA:267,0
DA:271,0
DA:272,0
DA:277,0
DA:280,0
DA:282,0
DA:288,0
DA:295,0
DA:303,0
DA:306,0
DA:308,0
DA:316,0
DA:323,0
DA:332,0
DA:340,0
DA:350,4
DA:351,1
DA:354,3
DA:355,1
DA:358,2
DA:359,2
DA:360,1
DA:363,1
DA:364,1
DA:365,1
DA:368,0
DA:370,0
DA:372,0
DA:379,0
DA:380,0
DA:383,0
DA:386,0
DA:392,0
DA:399,0
DA:407,0
DA:408,0
DA:409,0
DA:417,0
DA:424,0
DA:433,0
DA:440,0
DA:441,0
DA:443,0
DA:449,1
DA:451,1
DA:457,1
DA:469,0
DA:470,0
DA:471,0
DA:472,0
DA:474,0
DA:475,0
DA:476,0
DA:479,0
DA:480,0
DA:481,0
DA:485,0
DA:487,0
DA:489,0
DA:490,0
DA:491,0
DA:493,0
DA:494,0
DA:495,0
DA:496,0
DA:498,0
DA:501,0
DA:502,0
DA:507,1
DA:515,0
DA:516,0
DA:517,0
DA:522,0
DA:523,0
DA:525,0
DA:526,0
DA:531,1
DA:540,0
DA:541,0
DA:542,0
DA:543,0
DA:545,0
DA:546,0
DA:547,0
DA:550,0
DA:551,0
DA:552,0
DA:556,0
DA:558,0
DA:560,0
DA:561,0
DA:562,0
DA:564,0
DA:565,0
DA:566,0
DA:567,0
DA:569,0
DA:572,0
DA:573,0
DA:578,1
DA:579,0
LF:190
LH:33
BRDA:23,0,0,0
BRDA:26,1,0,15
BRDA:26,1,1,2
BRDA:32,2,0,1
BRDA:32,2,1,1
BRDA:36,3,0,1
BRDA:36,3,1,1
BRDA:39,4,0,0
BRDA:39,4,1,1
BRDA:43,5,0,0
BRDA:43,5,1,1
BRDA:49,6,0,0
BRDA:49,6,1,0
BRDA:67,7,0,0
BRDA:67,7,1,0
BRDA:108,8,0,1
BRDA:108,8,1,0
BRDA:112,9,0,0
BRDA:112,9,1,0
BRDA:117,10,0,0
BRDA:117,10,1,0
BRDA:117,11,0,0
BRDA:117,11,1,0
BRDA:123,12,0,0
BRDA:123,12,1,0
BRDA:126,13,0,0
BRDA:126,13,1,0
BRDA:135,14,0,0
BRDA:135,14,1,0
BRDA:137,15,0,0
BRDA:137,15,1,0
BRDA:209,16,0,0
BRDA:209,16,1,0
BRDA:218,17,0,0
BRDA:218,17,1,0
BRDA:233,18,0,0
BRDA:233,18,1,0
BRDA:256,19,0,0
BRDA:256,19,1,0
BRDA:259,20,0,0
BRDA:259,20,1,0
BRDA:261,21,0,0
BRDA:261,21,1,0
BRDA:265,22,0,0
BRDA:265,22,1,0
BRDA:271,23,0,0
BRDA:271,23,1,0
BRDA:280,24,0,0
BRDA:280,24,1,0
BRDA:350,25,0,1
BRDA:350,25,1,3
BRDA:354,26,0,1
BRDA:354,26,1,2
BRDA:358,27,0,2
BRDA:358,27,1,1
BRDA:359,28,0,1
BRDA:359,28,1,1
BRDA:364,29,0,1
BRDA:364,29,1,0
BRDA:364,30,0,1
BRDA:364,30,1,1
BRDA:379,31,0,0
BRDA:379,31,1,0
BRDA:440,32,0,0
BRDA:440,32,1,0
BRDA:469,33,0,0
BRDA:474,34,0,0
BRDA:474,34,1,0
BRDA:490,35,0,0
BRDA:490,35,1,0
BRDA:540,36,0,0
BRDA:545,37,0,0
BRDA:545,37,1,0
BRDA:561,38,0,0
BRDA:561,38,1,0
BRDA:578,39,0,0
BRDA:578,39,1,1
BRF:77
BRH:21
end_of_record
