TN:
SF:src/index.ts
FN:23,(anonymous_8)
FN:30,(anonymous_9)
FN:53,(anonymous_11)
FN:60,(anonymous_12)
FN:107,(anonymous_14)
FN:218,(anonymous_16)
FN:259,(anonymous_18)
FN:265,(anonymous_20)
FN:265,(anonymous_21)
FN:322,(anonymous_22)
FN:324,(anonymous_23)
FN:326,(anonymous_24)
FN:367,(anonymous_25)
FN:426,(anonymous_27)
FN:427,(anonymous_28)
FN:487,(anonymous_29)
FN:487,(anonymous_30)
FN:498,(anonymous_31)
FN:533,(anonymous_32)
FN:533,(anonymous_33)
FN:558,(anonymous_34)
FN:558,(anonymous_35)
FN:569,(anonymous_36)
FNF:23
FNH:4
FNDA:15,(anonymous_8)
FNDA:2,(anonymous_9)
FNDA:0,(anonymous_11)
FNDA:0,(anonymous_12)
FNDA:1,(anonymous_14)
FNDA:0,(anonymous_16)
FNDA:0,(anonymous_18)
FNDA:0,(anonymous_20)
FNDA:0,(anonymous_21)
FNDA:0,(anonymous_22)
FNDA:0,(anonymous_23)
FNDA:0,(anonymous_24)
FNDA:4,(anonymous_25)
FNDA:0,(anonymous_27)
FNDA:0,(anonymous_28)
FNDA:0,(anonymous_29)
FNDA:0,(anonymous_30)
FNDA:0,(anonymous_31)
FNDA:0,(anonymous_32)
FNDA:0,(anonymous_33)
FNDA:0,(anonymous_34)
FNDA:0,(anonymous_35)
FNDA:0,(anonymous_36)
DA:3,1
DA:4,1
DA:5,1
DA:6,1
DA:7,1
DA:19,1
DA:20,15
DA:24,15
DA:31,2
DA:32,2
DA:33,1
DA:36,1
DA:37,1
DA:43,1
DA:44,0
DA:47,1
DA:48,0
DA:49,0
DA:50,0
DA:51,0
DA:53,0
DA:54,0
DA:57,0
DA:61,0
DA:62,0
DA:63,0
DA:66,0
DA:67,0
DA:70,0
DA:85,0
DA:94,0
DA:101,0
DA:103,0
DA:108,1
DA:109,1
DA:112,0
DA:113,0
DA:116,0
DA:117,0
DA:118,0
DA:121,0
DA:122,0
DA:123,0
DA:125,0
DA:126,0
DA:128,0
DA:129,0
DA:130,0
DA:135,0
DA:138,0
DA:139,0
DA:141,0
DA:144,0
DA:146,0
DA:148,0
DA:150,0
DA:151,0
DA:154,0
DA:155,0
DA:159,0
DA:162,0
DA:163,0
DA:166,0
DA:173,0
DA:180,0
DA:188,0
DA:195,0
DA:198,0
DA:199,0
DA:203,0
DA:204,0
DA:205,0
DA:209,0
DA:210,0
DA:211,0
DA:214,0
DA:220,0
DA:222,0
DA:223,0
DA:224,0
DA:227,0
DA:228,0
DA:230,0
DA:236,0
DA:237,0
DA:244,0
DA:260,0
DA:262,0
DA:265,0
DA:266,0
DA:267,0
DA:274,0
DA:276,0
DA:277,0
DA:278,0
DA:279,0
DA:280,0
DA:283,0
DA:285,0
DA:289,0
DA:290,0
DA:295,0
DA:298,0
DA:300,0
DA:306,0
DA:313,0
DA:321,0
DA:324,0
DA:326,0
DA:334,0
DA:341,0
DA:350,0
DA:358,0
DA:368,4
DA:369,1
DA:372,3
DA:373,1
DA:376,2
DA:377,2
DA:378,1
DA:381,1
DA:382,1
DA:383,1
DA:386,0
DA:388,0
DA:390,0
DA:397,0
DA:398,0
DA:401,0
DA:404,0
DA:410,0
DA:417,0
DA:425,0
DA:426,0
DA:427,0
DA:435,0
DA:442,0
DA:451,0
DA:458,0
DA:459,0
DA:461,0
DA:467,1
DA:469,1
DA:475,1
DA:487,0
DA:488,0
DA:489,0
DA:490,0
DA:492,0
DA:493,0
DA:494,0
DA:497,0
DA:498,0
DA:499,0
DA:503,0
DA:505,0
DA:507,0
DA:508,0
DA:509,0
DA:511,0
DA:512,0
DA:513,0
DA:514,0
DA:516,0
DA:519,0
DA:520,0
DA:525,1
DA:533,0
DA:534,0
DA:535,0
DA:540,0
DA:541,0
DA:543,0
DA:544,0
DA:549,1
DA:558,0
DA:559,0
DA:560,0
DA:561,0
DA:563,0
DA:564,0
DA:565,0
DA:568,0
DA:569,0
DA:570,0
DA:574,0
DA:576,0
DA:578,0
DA:579,0
DA:580,0
DA:582,0
DA:583,0
DA:584,0
DA:585,0
DA:587,0
DA:590,0
DA:591,0
DA:596,1
DA:597,0
LF:199
LH:33
BRDA:23,0,0,0
BRDA:26,1,0,15
BRDA:26,1,1,2
BRDA:32,2,0,1
BRDA:32,2,1,1
BRDA:36,3,0,1
BRDA:36,3,1,1
BRDA:39,4,0,0
BRDA:39,4,1,1
BRDA:43,5,0,0
BRDA:43,5,1,1
BRDA:49,6,0,0
BRDA:49,6,1,0
BRDA:67,7,0,0
BRDA:67,7,1,0
BRDA:108,8,0,1
BRDA:108,8,1,0
BRDA:112,9,0,0
BRDA:112,9,1,0
BRDA:117,10,0,0
BRDA:117,10,1,0
BRDA:117,11,0,0
BRDA:117,11,1,0
BRDA:123,12,0,0
BRDA:123,12,1,0
BRDA:126,13,0,0
BRDA:126,13,1,0
BRDA:138,14,0,0
BRDA:138,14,1,0
BRDA:144,15,0,0
BRDA:144,15,1,0
BRDA:146,16,0,0
BRDA:146,16,1,0
BRDA:148,17,0,0
BRDA:148,17,1,0
BRDA:154,18,0,0
BRDA:154,18,1,0
BRDA:154,19,0,0
BRDA:154,19,1,0
BRDA:154,19,2,0
BRDA:154,20,0,0
BRDA:154,20,1,0
BRDA:154,21,0,0
BRDA:154,21,1,0
BRDA:154,22,0,0
BRDA:154,22,1,0
BRDA:154,23,0,0
BRDA:154,23,1,0
BRDA:227,24,0,0
BRDA:227,24,1,0
BRDA:236,25,0,0
BRDA:236,25,1,0
BRDA:251,26,0,0
BRDA:251,26,1,0
BRDA:274,27,0,0
BRDA:274,27,1,0
BRDA:277,28,0,0
BRDA:277,28,1,0
BRDA:279,29,0,0
BRDA:279,29,1,0
BRDA:283,30,0,0
BRDA:283,30,1,0
BRDA:289,31,0,0
BRDA:289,31,1,0
BRDA:298,32,0,0
BRDA:298,32,1,0
BRDA:368,33,0,1
BRDA:368,33,1,3
BRDA:372,34,0,1
BRDA:372,34,1,2
BRDA:376,35,0,2
BRDA:376,35,1,1
BRDA:377,36,0,1
BRDA:377,36,1,1
BRDA:382,37,0,1
BRDA:382,37,1,0
BRDA:382,38,0,1
BRDA:382,38,1,1
BRDA:397,39,0,0
BRDA:397,39,1,0
BRDA:458,40,0,0
BRDA:458,40,1,0
BRDA:487,41,0,0
BRDA:492,42,0,0
BRDA:492,42,1,0
BRDA:508,43,0,0
BRDA:508,43,1,0
BRDA:558,44,0,0
BRDA:563,45,0,0
BRDA:563,45,1,0
BRDA:579,46,0,0
BRDA:579,46,1,0
BRDA:596,47,0,0
BRDA:596,47,1,1
BRF:94
BRH:21
end_of_record
